<?xml version="1.0" encoding="UTF-8"?>
<coverage generated="1676230343977" clover="3.2.0">
  <project timestamp="1676230343977" name="All files">
    <metrics statements="16" coveredstatements="5" conditionals="8" coveredconditionals="0" methods="4" coveredmethods="2" elements="28" coveredelements="7" complexity="0" loc="16" ncloc="16" packages="1" files="2" classes="2"/>
    <file name="shape.js" path="/Users/cassandrawatson/bootcamp/challenge-eight/LogoMaker/lib/shape.js">
      <metrics statements="12" coveredstatements="2" conditionals="8" coveredconditionals="0" methods="2" coveredmethods="1"/>
      <line num="4" count="1" type="cond" truecount="0" falsecount="2"/>
      <line num="5" count="0" type="stmt"/>
      <line num="9" count="0" type="cond" truecount="0" falsecount="2"/>
      <line num="10" count="0" type="stmt"/>
      <line num="14" count="0" type="cond" truecount="0" falsecount="2"/>
      <line num="15" count="0" type="stmt"/>
      <line num="19" count="0" type="cond" truecount="0" falsecount="2"/>
      <line num="20" count="0" type="stmt"/>
      <line num="32" count="0" type="stmt"/>
      <line num="33" count="0" type="stmt"/>
      <line num="34" count="0" type="stmt"/>
      <line num="55" count="1" type="stmt"/>
    </file>
    <file name="triangle.js" path="/Users/cassandrawatson/bootcamp/challenge-eight/LogoMaker/lib/triangle.js">
      <metrics statements="4" coveredstatements="3" conditionals="0" coveredconditionals="0" methods="2" coveredmethods="1"/>
      <line num="2" count="1" type="stmt"/>
      <line num="7" count="1" type="stmt"/>
      <line num="12" count="0" type="stmt"/>
      <line num="21" count="1" type="stmt"/>
    </file>
  </project>
</coverage>
